TN:
SF:src/utils/parseStores.ts
FN:3,(anonymous_0)
FN:17,(anonymous_1)
FN:19,(anonymous_2)
FN:31,(anonymous_3)
FN:31,(anonymous_4)
FN:65,(anonymous_5)
FN:76,(anonymous_6)
FN:98,(anonymous_7)
FNF:8
FNH:8
FNDA:11,(anonymous_0)
FNDA:1067,(anonymous_1)
FNDA:7,(anonymous_2)
FNDA:9,(anonymous_3)
FNDA:9,(anonymous_4)
FNDA:137,(anonymous_5)
FNDA:10,(anonymous_6)
FNDA:12,(anonymous_7)
DA:3,1
DA:8,11
DA:9,11
DA:11,11
DA:13,11
DA:17,1067
DA:19,11
DA:20,7
DA:21,7
DA:23,7
DA:24,196
DA:25,9
DA:26,9
DA:31,9
DA:32,7
DA:34,7
DA:37,11
DA:38,12
DA:39,12
DA:41,12
DA:42,12
DA:44,12
DA:45,12
DA:46,12
DA:48,12
DA:49,43
DA:51,43
DA:53,18
DA:54,7
DA:55,5
DA:60,18
DA:61,18
DA:62,25
DA:64,25
DA:65,25
DA:66,137
DA:69,25
DA:70,23
DA:71,23
DA:73,23
DA:74,7
DA:75,7
DA:76,10
DA:77,9
DA:81,16
DA:92,12
DA:93,11
DA:94,7
DA:98,12
DA:99,12
DA:100,10
DA:109,11
LF:52
LH:52
BRDA:24,0,0,9
BRDA:24,0,1,187
BRDA:39,1,0,0
BRDA:39,1,1,12
BRDA:42,2,0,0
BRDA:42,2,1,12
BRDA:51,3,0,18
BRDA:51,3,1,25
BRDA:53,4,0,7
BRDA:53,4,1,11
BRDA:53,5,0,18
BRDA:53,5,1,11
BRDA:54,6,0,5
BRDA:54,6,1,2
BRDA:62,7,0,25
BRDA:62,7,1,0
BRDA:69,8,0,23
BRDA:69,8,1,2
BRDA:73,9,0,7
BRDA:73,9,1,16
BRDA:76,10,0,9
BRDA:76,10,1,0
BRDA:92,11,0,11
BRDA:92,11,1,1
BRDA:92,12,0,12
BRDA:92,12,1,1
BRDA:93,13,0,7
BRDA:93,13,1,4
BRDA:98,14,0,12
BRDA:98,14,1,0
BRDA:98,14,2,12
BRDA:99,15,0,10
BRDA:99,15,1,2
BRDA:99,16,0,12
BRDA:99,16,1,2
BRF:35
BRH:30
end_of_record
